Quick-Cocos2dx-Community C++ support ready.

------------------------------------------------

LOAD LUA FILE: F:/Code/Quick-Cocos2dx-Project/game/src/main.lua

------------------------------------------------

[LUA-print] ===========================================================

[LUA-print]               LOAD QUICK FRAMEWORK

[LUA-print] ===========================================================

[LUA-print] [INFO] 

[LUA-print] [INFO] # DEBUG                        = 1

[LUA-print] [INFO] #

[LUA-print] [INFO] # device.platform              = windows

[LUA-print] [INFO] # device.model                 = unknown

[LUA-print] [INFO] # device.language              = cn

[LUA-print] [INFO] # device.writablePath          = F:\Code\Quick-Cocos2dx-Project\game\

[LUA-print] [INFO] # device.directorySeparator    = \

[LUA-print] [INFO] # device.pathSeparator         = ;

[LUA-print] [INFO] #

[LUA-print] [INFO] # CONFIG_SCREEN_AUTOSCALE      = FIXED_WIDTH

[LUA-print] [INFO] # CONFIG_SCREEN_WIDTH          = 1136.00

[LUA-print] [INFO] # CONFIG_SCREEN_HEIGHT         = 757.33

[LUA-print] [INFO] # display.widthInPixels        = 960.00

[LUA-print] [INFO] # display.heightInPixels       = 640.00

[LUA-print] [INFO] # display.contentScaleFactor   = 0.85

[LUA-print] [INFO] # display.width                = 1136.00

[LUA-print] [INFO] # display.height               = 757.33

[LUA-print] [INFO] # display.cx                   = 568.00

[LUA-print] [INFO] # display.cy                   = 378.67

[LUA-print] [INFO] # display.left                 = 0.00

[LUA-print] [INFO] # display.right                = 1136.00

[LUA-print] [INFO] # display.top                  = 757.33

[LUA-print] [INFO] # display.bottom               = 0.00

[LUA-print] [INFO] # display.c_left               = -568.00

[LUA-print] [INFO] # display.c_right              = 568.00

[LUA-print] [INFO] # display.c_top                = 378.67

[LUA-print] [INFO] # display.c_bottom             = -378.67

[LUA-print] [INFO] #

CCPoint will be not binded in lua,please use the lua's table instead

CCSize will be not binded in lua,please use the lua's table instead

[LUA-print] 0

CCPoint will be not binded in lua,please use the lua's table instead

CCPoint will be not binded in lua,please use the lua's table instead

CCPoint will be not binded in lua,please use the lua's table instead

CCPoint will be not binded in lua,please use the lua's table instead

CCPoint will be not binded in lua,please use the lua's table instead

CCPoint will be not binded in lua,please use the lua's table instead

[LUA-print] Player walk

[LUA-print] Player walk

[LUA-print] Player walk

[LUA-print] Player walk

[LUA-print] Player walk

[LUA-print] Player walk

[LUA-print] Player walk

[LUA-print] Player walk

[LUA-print] contact !!!!

[LUA-print] enemy2 attack

[LUA-print] Player hit

[LUA-print] Player attack

[LUA-print] enemy2 hit

[LUA-print] 110

[LUA-print] Attack finish !

[LUA-print] Player attack

[LUA-print] enemy2 hit

[LUA-print] 70

[LUA-print] Player attack

[LUA-print] enemy2 hit

[LUA-print] 30

[LUA-print] 2

[LUA-print] contact !!!!

[LUA-print] enemy1 attack

[LUA-print] Player hit

[LUA-print] table: 0x05dc6ab8 [StateMachine] ERROR: error INVALID_TRANSITION_ERROR, event attack, from hit to hit

[LUA-print] [ERR] event attack inappropriate in current state hit

[LUA-print] 
stack traceback:
	[string ".\framework/cc/components/behavior/StateMachine.lua"]:318: in function 'onError_'
	[string ".\framework/cc/components/behavior/StateMachine.lua"]:158: in function 'doEvent'
	[string "F:/Code/Quick-Cocos2dx-Project/game/src/app/roles/Player.lua"]:100: in function 'doEvent'
	[string "F:/Code/Quick-Cocos2dx-Project/game/src/app/scenes/MainScene.lua"]:165: in function 'clickEnemy'
	[string "F:/Code/Quick-Cocos2dx-Project/game/src/app/roles/Enemy2.lua"]:22: in function 'listener_'
	[string ".\framework/cocos2dx/NodeEx.lua"]:427: in function <[string ".\framework/cocos2dx/NodeEx.lua"]:382>

[LUA-print] enemy2 hit

[LUA-print] -10

[LUA-print] enemy2 dead

[LUA-print] table: 0x05dc6ab8 [StateMachine] ERROR: error INVALID_TRANSITION_ERROR, event attack, from hit to hit

[LUA-print] [ERR] event attack inappropriate in current state hit

[LUA-print] 
stack traceback:
	[string ".\framework/cc/components/behavior/StateMachine.lua"]:318: in function 'onError_'
	[string ".\framework/cc/components/behavior/StateMachine.lua"]:158: in function 'doEvent'
	[string "F:/Code/Quick-Cocos2dx-Project/game/src/app/roles/Player.lua"]:100: in function 'doEvent'
	[string "F:/Code/Quick-Cocos2dx-Project/game/src/app/scenes/MainScene.lua"]:165: in function 'clickEnemy'
	[string "F:/Code/Quick-Cocos2dx-Project/game/src/app/roles/Enemy1.lua"]:24: in function 'listener_'
	[string ".\framework/cocos2dx/NodeEx.lua"]:427: in function <[string ".\framework/cocos2dx/NodeEx.lua"]:382>

[LUA-print] enemy1 hit

[LUA-print] Attack finish !

[LUA-print] table: 0x05dc6ab8 [StateMachine] ERROR: error INVALID_TRANSITION_ERROR, event attack, from hit to hit

[LUA-print] [ERR] event attack inappropriate in current state hit

[LUA-print] 
stack traceback:
	[string ".\framework/cc/components/behavior/StateMachine.lua"]:318: in function 'onError_'
	[string ".\framework/cc/components/behavior/StateMachine.lua"]:158: in function 'doEvent'
	[string "F:/Code/Quick-Cocos2dx-Project/game/src/app/roles/Player.lua"]:100: in function 'doEvent'
	[string "F:/Code/Quick-Cocos2dx-Project/game/src/app/scenes/MainScene.lua"]:165: in function 'clickEnemy'
	[string "F:/Code/Quick-Cocos2dx-Project/game/src/app/roles/Enemy2.lua"]:22: in function 'listener_'
	[string ".\framework/cocos2dx/NodeEx.lua"]:427: in function <[string ".\framework/cocos2dx/NodeEx.lua"]:382>

[LUA-print] table: 0x05dc6ab8 [StateMachine] ERROR: error INVALID_TRANSITION_ERROR, event attack, from hit to hit

[LUA-print] [ERR] event attack inappropriate in current state hit

[LUA-print] 
stack traceback:
	[string ".\framework/cc/components/behavior/StateMachine.lua"]:318: in function 'onError_'
	[string ".\framework/cc/components/behavior/StateMachine.lua"]:158: in function 'doEvent'
	[string "F:/Code/Quick-Cocos2dx-Project/game/src/app/roles/Player.lua"]:100: in function 'doEvent'
	[string "F:/Code/Quick-Cocos2dx-Project/game/src/app/scenes/MainScene.lua"]:165: in function 'clickEnemy'
	[string "F:/Code/Quick-Cocos2dx-Project/game/src/app/roles/Enemy1.lua"]:24: in function 'listener_'
	[string ".\framework/cocos2dx/NodeEx.lua"]:427: in function <[string ".\framework/cocos2dx/NodeEx.lua"]:382>

[LUA-print] 11111

[LUA-print] 11111

[LUA-print] remove!!!!

[LUA-print] seperate !!!!!

[LUA-print] Player walk

[LUA-print] seperate !!!!!

[LUA-print] Player walk

[LUA-print] Player walk

[LUA-print] Player walk

[LUA-print] contact !!!!

[LUA-print] enemy1 attack

[LUA-print] Player hit

[LUA-print] Player attack

[LUA-print] enemy1 hit

[LUA-print] Attack finish !

CCPoint will be not binded in lua,please use the lua's table instead

CCPoint will be not binded in lua,please use the lua's table instead

[LUA-print] Player walk

[LUA-print] Player attack

[LUA-print] enemy1 hit

[LUA-print] enemy1 dead

[LUA-print] seperate !!!!!

[LUA-print] 11111

[LUA-print] remove!!!!

[LUA-print] contact !!!!

[LUA-print] enemy2 attack

[LUA-print] Player hit

[LUA-print] 1

CCPoint will be not binded in lua,please use the lua's table instead

CCPoint will be not binded in lua,please use the lua's table instead

[LUA-print] Attack finish !

[LUA-print] Player walk

[LUA-print] seperate !!!!!

[LUA-print] Player walk

[LUA-print] Player walk

[LUA-print] Player walk

[LUA-print] Player walk

[LUA-print] contact !!!!

[LUA-print] enemy2 attack

[LUA-print] Player hit

[LUA-print] Player attack

[LUA-print] enemy2 hit

[LUA-print] 110

[LUA-print] Attack finish !

[LUA-print] Player walk

[LUA-print] Player attack

[LUA-print] enemy2 hit

[LUA-print] 70

[LUA-print] 2

[LUA-print] contact !!!!

[LUA-print] enemy1 attack

[LUA-print] Player hit

[LUA-print] table: 0x05dc6ab8 [StateMachine] ERROR: error INVALID_TRANSITION_ERROR, event attack, from hit to hit

[LUA-print] [ERR] event attack inappropriate in current state hit

[LUA-print] 
stack traceback:
	[string ".\framework/cc/components/behavior/StateMachine.lua"]:318: in function 'onError_'
	[string ".\framework/cc/components/behavior/StateMachine.lua"]:158: in function 'doEvent'
	[string "F:/Code/Quick-Cocos2dx-Project/game/src/app/roles/Player.lua"]:100: in function 'doEvent'
	[string "F:/Code/Quick-Cocos2dx-Project/game/src/app/scenes/MainScene.lua"]:165: in function 'clickEnemy'
	[string "F:/Code/Quick-Cocos2dx-Project/game/src/app/roles/Enemy1.lua"]:24: in function 'listener_'
	[string ".\framework/cocos2dx/NodeEx.lua"]:427: in function <[string ".\framework/cocos2dx/NodeEx.lua"]:382>

[LUA-print] enemy1 hit

[LUA-print] Attack finish !

[LUA-print] table: 0x05dc6ab8 [StateMachine] ERROR: error INVALID_TRANSITION_ERROR, event attack, from hit to hit

[LUA-print] [ERR] event attack inappropriate in current state hit

[LUA-print] 
stack traceback:
	[string ".\framework/cc/components/behavior/StateMachine.lua"]:318: in function 'onError_'
	[string ".\framework/cc/components/behavior/StateMachine.lua"]:158: in function 'doEvent'
	[string "F:/Code/Quick-Cocos2dx-Project/game/src/app/roles/Player.lua"]:100: in function 'doEvent'
	[string "F:/Code/Quick-Cocos2dx-Project/game/src/app/scenes/MainScene.lua"]:165: in function 'clickEnemy'
	[string "F:/Code/Quick-Cocos2dx-Project/game/src/app/roles/Enemy2.lua"]:22: in function 'listener_'
	[string ".\framework/cocos2dx/NodeEx.lua"]:427: in function <[string ".\framework/cocos2dx/NodeEx.lua"]:382>

[LUA-print] enemy2 hit

[LUA-print] 30

[LUA-print] Player attack

[LUA-print] Player attack

[LUA-print] enemy1 hit

[LUA-print] Player attack

[LUA-print] enemy1 hit

[LUA-print] enemy1 dead

[LUA-print] 11111

[LUA-print] 11111

[LUA-print] remove!!!!

[LUA-print] seperate !!!!!

[LUA-print] Player walk

[LUA-print] Player walk

[LUA-print] Player walk

[LUA-print] Player walk

[LUA-print] Player walk

[LUA-print] Player walk

[LUA-print] Player walk

[LUA-print] 1

CCPoint will be not binded in lua,please use the lua's table instead

CCPoint will be not binded in lua,please use the lua's table instead

[LUA-print] Player walk

[LUA-print] seperate !!!!!

[LUA-print] Player walk

[LUA-print] Player walk

[LUA-print] Player walk

[LUA-print] contact !!!!

[LUA-print] enemy2 attack

[LUA-print] Player hit

[LUA-print] Attack finish !

[LUA-print] Player attack

[LUA-print] enemy2 hit

[LUA-print] -10

[LUA-print] enemy2 dead

[LUA-print] 11111

[LUA-print] remove!!!!

[LUA-print] seperate !!!!!

[LUA-print] Player walk

[LUA-print] Player walk

[LUA-print] Player walk

[LUA-print] Player walk

[LUA-print] Player walk

[LUA-print] 1

CCPoint will be not binded in lua,please use the lua's table instead

CCPoint will be not binded in lua,please use the lua's table instead

[LUA-print] contact !!!!

[LUA-print] enemy1 attack

[LUA-print] Player hit

[LUA-print] table: 0x05dc6ab8 [StateMachine] ERROR: error INVALID_TRANSITION_ERROR, event attack, from hit to hit

[LUA-print] [ERR] event attack inappropriate in current state hit

[LUA-print] 
stack traceback:
	[string ".\framework/cc/components/behavior/StateMachine.lua"]:318: in function 'onError_'
	[string ".\framework/cc/components/behavior/StateMachine.lua"]:158: in function 'doEvent'
	[string "F:/Code/Quick-Cocos2dx-Project/game/src/app/roles/Player.lua"]:100: in function 'doEvent'
	[string "F:/Code/Quick-Cocos2dx-Project/game/src/app/scenes/MainScene.lua"]:165: in function 'clickEnemy'
	[string "F:/Code/Quick-Cocos2dx-Project/game/src/app/roles/Enemy1.lua"]:24: in function 'listener_'
	[string ".\framework/cocos2dx/NodeEx.lua"]:427: in function <[string ".\framework/cocos2dx/NodeEx.lua"]:382>

[LUA-print] enemy1 hit

[LUA-print] Attack finish !

[LUA-print] Player attack

[LUA-print] Player attack

[LUA-print] enemy1 hit

[LUA-print] Player attack

[LUA-print] enemy1 hit

[LUA-print] enemy1 dead

[LUA-print] 11111

[LUA-print] remove!!!!

[LUA-print] seperate !!!!!

[LUA-print] Player walk

[LUA-print] Player walk

[LUA-print] Player walk

[LUA-print] Player walk

[LUA-print] contact !!!!

[LUA-print] enemy1 attack

[LUA-print] Player hit

[LUA-print] 1

CCPoint will be not binded in lua,please use the lua's table instead

CCPoint will be not binded in lua,please use the lua's table instead

[LUA-print] Player attack

[LUA-print] enemy1 hit

[LUA-print] Attack finish !

[LUA-print] Player attack

[LUA-print] enemy1 hit

[LUA-print] Player attack

[LUA-print] enemy1 hit

[LUA-print] enemy1 dead

[LUA-print] 11111

[LUA-print] remove!!!!

[LUA-print] seperate !!!!!

[LUA-print] Player walk

CCPoint will be not binded in lua,please use the lua's table instead

CCPoint will be not binded in lua,please use the lua's table instead

[LUA-print] 2

[LUA-print] contact !!!!

[LUA-print] enemy1 attack

[LUA-print] Player hit

[LUA-print] Attack finish !

[LUA-print] contact !!!!

[LUA-print] enemy2 attack

[LUA-print] Player hit

[LUA-print] Attack finish !

[LUA-print] 2

[LUA-print] 2

[LUA-print] 2

[LUA-print] 2

[LUA-print] 2

[LUA-print] 2

[LUA-print] 2

[LUA-print] 2

[LUA-print] 2

[LUA-print] 2

[LUA-print] 2

[LUA-print] 2

